+ PS4='+ (${BASH_SOURCE[0]##*/} @ ${LINENO}): ${FUNCNAME[0]:+${FUNCNAME[0]}(): }'
+ (slurm_script @ 23): root=/scratch/ucgd/lustre-work/quinlan/u6018199/chaisson_2019/analysis/locally_assemble_short_reads/trfermikit
+ (slurm_script @ 24): output=/scratch/ucgd/lustre-work/quinlan/u6018199/chaisson_2019/analysis/locally_assemble_short_reads/trfermikit/experiments/minRepeatPeriod/data/minRepeatPeriod=0
+ (slurm_script @ 26): PATH=/scratch/ucgd/lustre-work/quinlan/u6018199/chaisson_2019/analysis/locally_assemble_short_reads/trfermikit:/uufs/chpc.utah.edu/common/HIPAA/u6018199/.conda/envs/trfermikit/bin:/uufs/chpc.utah.edu/sys/installdir/anaconda/2019.07/condabin:/uufs/chpc.utah.edu/common/HIPAA/u6018199/bin:/uufs/chpc.utah.edu/common/PE/proj_UCGD/apps/redwood.bridges/ucgd_utils/master/perl/script:/uufs/chpc.utah.edu/common/HIPAA/u6018199/.perl5/5.16.3/bin:/uufs/chpc.utah.edu/common/PE/proj_UCGD/apps/redwood.bridges/local-lib/5.16.3/bin:/uufs/chpc.utah.edu/sys/installdir/intel/compilers_and_libraries_2018.1.163/linux/bin/intel64:/uufs/chpc.utah.edu/sys/installdir/intel/compilers_and_libraries_2018.1.163/linux/mpi/intel64/bin:/usr/lib64/qt-3.3/bin:/usr/kerberos/sbin:/usr/kerberos/bin:/uufs/chpc.utah.edu/sys/bin:/usr/lib64/ccache:/usr/local/bin:/usr/bin:/usr/local/sbin:/usr/sbin:/uufs/redwood.bridges/sys/installdir/slurm/std/bin:/opt/dell/srvadmin/bin:/uufs/chpc.utah.edu/common/HIPAA/u6018199/R/x86_64-redhat-linux-gnu-library/3.5/fragCounter/extdata:/uufs/chpc.utah.edu/common/HIPAA/u6018199/.local/bin
+ (slurm_script @ 28): genome_build=hg38
+ (slurm_script @ 29): reference=/scratch/ucgd/lustre-work/quinlan/u6018199/chaisson_2019/reference/GRCh38_full_analysis_set_plus_decoy_hla
+ (slurm_script @ 31): population=CHS
+ (slurm_script @ 32): sample=HG00514
+ (slurm_script @ 33): alignments=/scratch/ucgd/lustre-work/quinlan/u6018199/chaisson_2019/illumina_crams/ftp.1000genomes.ebi.ac.uk/vol1/ftp/data_collections/hgsv_sv_discovery/data/CHS/HG00514/high_cov_alignment/HG00514.alt_bwamem_GRCh38DH.20150715.CHS.high_coverage
+ (slurm_script @ 35): min_repeat_length=100
+ (slurm_script @ 36): number_threads=16
+ (slurm_script @ 37): svtype=DEL
+ (slurm_script @ 40): trfermikit --genome-build hg38 --output /scratch/ucgd/lustre-work/quinlan/u6018199/chaisson_2019/analysis/locally_assemble_short_reads/trfermikit/experiments/minRepeatPeriod/data/minRepeatPeriod=0 --reference /scratch/ucgd/lustre-work/quinlan/u6018199/chaisson_2019/reference/GRCh38_full_analysis_set_plus_decoy_hla --threads 16 --svtype DEL --alignments /scratch/ucgd/lustre-work/quinlan/u6018199/chaisson_2019/illumina_crams/ftp.1000genomes.ebi.ac.uk/vol1/ftp/data_collections/hgsv_sv_discovery/data/CHS/HG00514/high_cov_alignment/HG00514.alt_bwamem_GRCh38DH.20150715.CHS.high_coverage --min-repeat-length 100
+ PS4='+ (${BASH_SOURCE[0]##*/} @ ${LINENO}): ${FUNCNAME[0]:+${FUNCNAME[0]}(): }'
+ (trfermikit @ 37): mkdir --parents /scratch/ucgd/lustre-work/quinlan/u6018199/chaisson_2019/analysis/locally_assemble_short_reads/trfermikit/experiments/minRepeatPeriod/data/minRepeatPeriod=0
+ (trfermikit @ 38): [[ ! -f /scratch/ucgd/lustre-work/quinlan/u6018199/chaisson_2019/analysis/locally_assemble_short_reads/trfermikit/experiments/minRepeatPeriod/data/minRepeatPeriod=0/config.json ]]
+ (trfermikit @ 42): min_repeat_length=100
+ (trfermikit @ 43): /scratch/ucgd/lustre-work/quinlan/u6018199/chaisson_2019/analysis/locally_assemble_short_reads/trfermikit/utilities/update_config.sh /scratch/ucgd/lustre-work/quinlan/u6018199/chaisson_2019/analysis/locally_assemble_short_reads/trfermikit /scratch/ucgd/lustre-work/quinlan/u6018199/chaisson_2019/analysis/locally_assemble_short_reads/trfermikit/experiments/minRepeatPeriod/data/minRepeatPeriod=0 makeRegions minRepeatLength 100
+ set -o errexit
+ root=/scratch/ucgd/lustre-work/quinlan/u6018199/chaisson_2019/analysis/locally_assemble_short_reads/trfermikit
+ output=/scratch/ucgd/lustre-work/quinlan/u6018199/chaisson_2019/analysis/locally_assemble_short_reads/trfermikit/experiments/minRepeatPeriod/data/minRepeatPeriod=0
+ key1=makeRegions
+ key2=minRepeatLength
+ value=100
+ /scratch/ucgd/lustre-work/quinlan/u6018199/chaisson_2019/analysis/locally_assemble_short_reads/trfermikit/bin/jq --arg key1 makeRegions --arg key2 minRepeatLength --arg value 100 '.[$key1][$key2] = $value' /scratch/ucgd/lustre-work/quinlan/u6018199/chaisson_2019/analysis/locally_assemble_short_reads/trfermikit/experiments/minRepeatPeriod/data/minRepeatPeriod=0/config.json
+ mv /scratch/ucgd/lustre-work/quinlan/u6018199/chaisson_2019/analysis/locally_assemble_short_reads/trfermikit/experiments/minRepeatPeriod/data/minRepeatPeriod=0/config.tmp.json /scratch/ucgd/lustre-work/quinlan/u6018199/chaisson_2019/analysis/locally_assemble_short_reads/trfermikit/experiments/minRepeatPeriod/data/minRepeatPeriod=0/config.json
+ (trfermikit @ 44): functional_regions=none
+ (trfermikit @ 45): /scratch/ucgd/lustre-work/quinlan/u6018199/chaisson_2019/analysis/locally_assemble_short_reads/trfermikit/utilities/update_config.sh /scratch/ucgd/lustre-work/quinlan/u6018199/chaisson_2019/analysis/locally_assemble_short_reads/trfermikit /scratch/ucgd/lustre-work/quinlan/u6018199/chaisson_2019/analysis/locally_assemble_short_reads/trfermikit/experiments/minRepeatPeriod/data/minRepeatPeriod=0 makeRegions functionalRegions none
+ set -o errexit
+ root=/scratch/ucgd/lustre-work/quinlan/u6018199/chaisson_2019/analysis/locally_assemble_short_reads/trfermikit
+ output=/scratch/ucgd/lustre-work/quinlan/u6018199/chaisson_2019/analysis/locally_assemble_short_reads/trfermikit/experiments/minRepeatPeriod/data/minRepeatPeriod=0
+ key1=makeRegions
+ key2=functionalRegions
+ value=none
+ /scratch/ucgd/lustre-work/quinlan/u6018199/chaisson_2019/analysis/locally_assemble_short_reads/trfermikit/bin/jq --arg key1 makeRegions --arg key2 functionalRegions --arg value none '.[$key1][$key2] = $value' /scratch/ucgd/lustre-work/quinlan/u6018199/chaisson_2019/analysis/locally_assemble_short_reads/trfermikit/experiments/minRepeatPeriod/data/minRepeatPeriod=0/config.json
+ mv /scratch/ucgd/lustre-work/quinlan/u6018199/chaisson_2019/analysis/locally_assemble_short_reads/trfermikit/experiments/minRepeatPeriod/data/minRepeatPeriod=0/config.tmp.json /scratch/ucgd/lustre-work/quinlan/u6018199/chaisson_2019/analysis/locally_assemble_short_reads/trfermikit/experiments/minRepeatPeriod/data/minRepeatPeriod=0/config.json
+ (trfermikit @ 47): /scratch/ucgd/lustre-work/quinlan/u6018199/chaisson_2019/analysis/locally_assemble_short_reads/trfermikit/utilities/update_config.sh /scratch/ucgd/lustre-work/quinlan/u6018199/chaisson_2019/analysis/locally_assemble_short_reads/trfermikit /scratch/ucgd/lustre-work/quinlan/u6018199/chaisson_2019/analysis/locally_assemble_short_reads/trfermikit/experiments/minRepeatPeriod/data/minRepeatPeriod=0 general reference /scratch/ucgd/lustre-work/quinlan/u6018199/chaisson_2019/reference/GRCh38_full_analysis_set_plus_decoy_hla
+ set -o errexit
+ root=/scratch/ucgd/lustre-work/quinlan/u6018199/chaisson_2019/analysis/locally_assemble_short_reads/trfermikit
+ output=/scratch/ucgd/lustre-work/quinlan/u6018199/chaisson_2019/analysis/locally_assemble_short_reads/trfermikit/experiments/minRepeatPeriod/data/minRepeatPeriod=0
+ key1=general
+ key2=reference
+ value=/scratch/ucgd/lustre-work/quinlan/u6018199/chaisson_2019/reference/GRCh38_full_analysis_set_plus_decoy_hla
+ /scratch/ucgd/lustre-work/quinlan/u6018199/chaisson_2019/analysis/locally_assemble_short_reads/trfermikit/bin/jq --arg key1 general --arg key2 reference --arg value /scratch/ucgd/lustre-work/quinlan/u6018199/chaisson_2019/reference/GRCh38_full_analysis_set_plus_decoy_hla '.[$key1][$key2] = $value' /scratch/ucgd/lustre-work/quinlan/u6018199/chaisson_2019/analysis/locally_assemble_short_reads/trfermikit/experiments/minRepeatPeriod/data/minRepeatPeriod=0/config.json
+ mv /scratch/ucgd/lustre-work/quinlan/u6018199/chaisson_2019/analysis/locally_assemble_short_reads/trfermikit/experiments/minRepeatPeriod/data/minRepeatPeriod=0/config.tmp.json /scratch/ucgd/lustre-work/quinlan/u6018199/chaisson_2019/analysis/locally_assemble_short_reads/trfermikit/experiments/minRepeatPeriod/data/minRepeatPeriod=0/config.json
+ (trfermikit @ 48): /scratch/ucgd/lustre-work/quinlan/u6018199/chaisson_2019/analysis/locally_assemble_short_reads/trfermikit/utilities/update_config.sh /scratch/ucgd/lustre-work/quinlan/u6018199/chaisson_2019/analysis/locally_assemble_short_reads/trfermikit /scratch/ucgd/lustre-work/quinlan/u6018199/chaisson_2019/analysis/locally_assemble_short_reads/trfermikit/experiments/minRepeatPeriod/data/minRepeatPeriod=0 general numberThreads 16
+ set -o errexit
+ root=/scratch/ucgd/lustre-work/quinlan/u6018199/chaisson_2019/analysis/locally_assemble_short_reads/trfermikit
+ output=/scratch/ucgd/lustre-work/quinlan/u6018199/chaisson_2019/analysis/locally_assemble_short_reads/trfermikit/experiments/minRepeatPeriod/data/minRepeatPeriod=0
+ key1=general
+ key2=numberThreads
+ value=16
+ /scratch/ucgd/lustre-work/quinlan/u6018199/chaisson_2019/analysis/locally_assemble_short_reads/trfermikit/bin/jq --arg key1 general --arg key2 numberThreads --arg value 16 '.[$key1][$key2] = $value' /scratch/ucgd/lustre-work/quinlan/u6018199/chaisson_2019/analysis/locally_assemble_short_reads/trfermikit/experiments/minRepeatPeriod/data/minRepeatPeriod=0/config.json
+ mv /scratch/ucgd/lustre-work/quinlan/u6018199/chaisson_2019/analysis/locally_assemble_short_reads/trfermikit/experiments/minRepeatPeriod/data/minRepeatPeriod=0/config.tmp.json /scratch/ucgd/lustre-work/quinlan/u6018199/chaisson_2019/analysis/locally_assemble_short_reads/trfermikit/experiments/minRepeatPeriod/data/minRepeatPeriod=0/config.json
+ (trfermikit @ 49): /scratch/ucgd/lustre-work/quinlan/u6018199/chaisson_2019/analysis/locally_assemble_short_reads/trfermikit/utilities/update_config.sh /scratch/ucgd/lustre-work/quinlan/u6018199/chaisson_2019/analysis/locally_assemble_short_reads/trfermikit /scratch/ucgd/lustre-work/quinlan/u6018199/chaisson_2019/analysis/locally_assemble_short_reads/trfermikit/experiments/minRepeatPeriod/data/minRepeatPeriod=0 general alignments /scratch/ucgd/lustre-work/quinlan/u6018199/chaisson_2019/illumina_crams/ftp.1000genomes.ebi.ac.uk/vol1/ftp/data_collections/hgsv_sv_discovery/data/CHS/HG00514/high_cov_alignment/HG00514.alt_bwamem_GRCh38DH.20150715.CHS.high_coverage
+ set -o errexit
+ root=/scratch/ucgd/lustre-work/quinlan/u6018199/chaisson_2019/analysis/locally_assemble_short_reads/trfermikit
+ output=/scratch/ucgd/lustre-work/quinlan/u6018199/chaisson_2019/analysis/locally_assemble_short_reads/trfermikit/experiments/minRepeatPeriod/data/minRepeatPeriod=0
+ key1=general
+ key2=alignments
+ value=/scratch/ucgd/lustre-work/quinlan/u6018199/chaisson_2019/illumina_crams/ftp.1000genomes.ebi.ac.uk/vol1/ftp/data_collections/hgsv_sv_discovery/data/CHS/HG00514/high_cov_alignment/HG00514.alt_bwamem_GRCh38DH.20150715.CHS.high_coverage
+ /scratch/ucgd/lustre-work/quinlan/u6018199/chaisson_2019/analysis/locally_assemble_short_reads/trfermikit/bin/jq --arg key1 general --arg key2 alignments --arg value /scratch/ucgd/lustre-work/quinlan/u6018199/chaisson_2019/illumina_crams/ftp.1000genomes.ebi.ac.uk/vol1/ftp/data_collections/hgsv_sv_discovery/data/CHS/HG00514/high_cov_alignment/HG00514.alt_bwamem_GRCh38DH.20150715.CHS.high_coverage '.[$key1][$key2] = $value' /scratch/ucgd/lustre-work/quinlan/u6018199/chaisson_2019/analysis/locally_assemble_short_reads/trfermikit/experiments/minRepeatPeriod/data/minRepeatPeriod=0/config.json
+ mv /scratch/ucgd/lustre-work/quinlan/u6018199/chaisson_2019/analysis/locally_assemble_short_reads/trfermikit/experiments/minRepeatPeriod/data/minRepeatPeriod=0/config.tmp.json /scratch/ucgd/lustre-work/quinlan/u6018199/chaisson_2019/analysis/locally_assemble_short_reads/trfermikit/experiments/minRepeatPeriod/data/minRepeatPeriod=0/config.json
+ (trfermikit @ 51): set -o nounset
+ (trfermikit @ 53): [[ ! -f /scratch/ucgd/lustre-work/quinlan/u6018199/chaisson_2019/illumina_crams/ftp.1000genomes.ebi.ac.uk/vol1/ftp/data_collections/hgsv_sv_discovery/data/CHS/HG00514/high_cov_alignment/HG00514.alt_bwamem_GRCh38DH.20150715.CHS.high_coverage.cram.crai ]]
+ (trfermikit @ 58): bash /scratch/ucgd/lustre-work/quinlan/u6018199/chaisson_2019/analysis/locally_assemble_short_reads/trfermikit/utilities/prepare_reference.sh --reference /scratch/ucgd/lustre-work/quinlan/u6018199/chaisson_2019/reference/GRCh38_full_analysis_set_plus_decoy_hla --root /scratch/ucgd/lustre-work/quinlan/u6018199/chaisson_2019/analysis/locally_assemble_short_reads/trfermikit
+ PS4='+ (${BASH_SOURCE[0]##*/} @ ${LINENO}): ${FUNCNAME[0]:+${FUNCNAME[0]}(): }'
+ (prepare_reference.sh @ 27): [[ ! -f /scratch/ucgd/lustre-work/quinlan/u6018199/chaisson_2019/reference/GRCh38_full_analysis_set_plus_decoy_hla.fa.fai ]]
+ (prepare_reference.sh @ 31): [[ ! -f /scratch/ucgd/lustre-work/quinlan/u6018199/chaisson_2019/reference/GRCh38_full_analysis_set_plus_decoy_hla.genome ]]
+ (prepare_reference.sh @ 36): [[ ! -f /scratch/ucgd/lustre-work/quinlan/u6018199/chaisson_2019/reference/GRCh38_full_analysis_set_plus_decoy_hla.mmi ]]
+ (trfermikit @ 62): [[ DEL != \D\E\L ]]
+ (trfermikit @ 68): export PYTHONPATH=/scratch/ucgd/lustre-work/quinlan/u6018199/chaisson_2019/analysis/locally_assemble_short_reads/trfermikit/utilities
+ (trfermikit @ 68): PYTHONPATH=/scratch/ucgd/lustre-work/quinlan/u6018199/chaisson_2019/analysis/locally_assemble_short_reads/trfermikit/utilities
+ (trfermikit @ 70): rm --force '/scratch/ucgd/lustre-work/quinlan/u6018199/chaisson_2019/analysis/locally_assemble_short_reads/trfermikit/experiments/minRepeatPeriod/data/minRepeatPeriod=0/fermikit.*'
+ (trfermikit @ 72): BASH_ENV=/scratch/ucgd/lustre-work/quinlan/u6018199/chaisson_2019/analysis/locally_assemble_short_reads/trfermikit/utilities/debug.sh
+ (trfermikit @ 72): bash /scratch/ucgd/lustre-work/quinlan/u6018199/chaisson_2019/analysis/locally_assemble_short_reads/trfermikit/make-regions/make-regions.sh --genome-build hg38 --output /scratch/ucgd/lustre-work/quinlan/u6018199/chaisson_2019/analysis/locally_assemble_short_reads/trfermikit/experiments/minRepeatPeriod/data/minRepeatPeriod=0 --min-repeat-length 100 --alignments /scratch/ucgd/lustre-work/quinlan/u6018199/chaisson_2019/illumina_crams/ftp.1000genomes.ebi.ac.uk/vol1/ftp/data_collections/hgsv_sv_discovery/data/CHS/HG00514/high_cov_alignment/HG00514.alt_bwamem_GRCh38DH.20150715.CHS.high_coverage --threads 16 --functional-regions none --reference /scratch/ucgd/lustre-work/quinlan/u6018199/chaisson_2019/reference/GRCh38_full_analysis_set_plus_decoy_hla --root /scratch/ucgd/lustre-work/quinlan/u6018199/chaisson_2019/analysis/locally_assemble_short_reads/trfermikit
